# JRE version: Java(TM) SE Runtime Environment (9.0+11) (build 9.0.4+11)
# Java VM: Java HotSpot(TM) 64-Bit Server VM (9.0.4+11, mixed mode, tiered, compressed oops, g1 gc, windows-amd64)
Heap:
 garbage-first heap   total 486400K, used 236985K [0x0000000700000000, 0x0000000700100ed8, 0x00000007c0000000)
  region size 1024K, 39 young (39936K), 8 survivors (8192K)
 Metaspace       used 110395K, capacity 113525K, committed 120784K, reserved 1153024K
  class space    used 15800K, capacity 16392K, committed 17916K, reserved 1048576K
GC Heap History (10 events):
Event: 7862.147 GC heap before
{Heap before GC invocations=1875 (full 18):
 garbage-first heap   total 486400K, used 259092K [0x0000000700000000, 0x0000000700100ed8, 0x00000007c0000000)
  region size 1024K, 60 young (61440K), 1 survivors (1024K)
 Metaspace       used 110345K, capacity 113461K, committed 120784K, reserved 1153024K
  class space    used 15798K, capacity 16392K, committed 17916K, reserved 1048576K
}
Event: 7862.150 GC heap after
{Heap after GC invocations=1876 (full 18):
 garbage-first heap   total 486400K, used 198782K [0x0000000700000000, 0x0000000700100ed8, 0x00000007c0000000)
  region size 1024K, 2 young (2048K), 2 survivors (2048K)
 Metaspace       used 110345K, capacity 113461K, committed 120784K, reserved 1153024K
  class space    used 15798K, capacity 16392K, committed 17916K, reserved 1048576K
}
Event: 7905.552 GC heap before
{Heap before GC invocations=1876 (full 18):
 garbage-first heap   total 486400K, used 258174K [0x0000000700000000, 0x0000000700100ed8, 0x00000007c0000000)
  region size 1024K, 60 young (61440K), 2 survivors (2048K)
 Metaspace       used 110345K, capacity 113461K, committed 120784K, reserved 1153024K
  class space    used 15798K, capacity 16392K, committed 17916K, reserved 1048576K
}
Event: 7905.555 GC heap after
{Heap after GC invocations=1877 (full 18):
 garbage-first heap   total 486400K, used 198849K [0x0000000700000000, 0x0000000700100ed8, 0x00000007c0000000)
  region size 1024K, 2 young (2048K), 2 survivors (2048K)
 Metaspace       used 110345K, capacity 113461K, committed 120784K, reserved 1153024K
  class space    used 15798K, capacity 16392K, committed 17916K, reserved 1048576K
}
Event: 7948.389 GC heap before
{Heap before GC invocations=1877 (full 18):
 garbage-first heap   total 486400K, used 258241K [0x0000000700000000, 0x0000000700100ed8, 0x00000007c0000000)
  region size 1024K, 60 young (61440K), 2 survivors (2048K)
 Metaspace       used 110345K, capacity 113461K, committed 120784K, reserved 1153024K
  class space    used 15798K, capacity 16392K, committed 17916K, reserved 1048576K
}
Event: 7948.392 GC heap after
{Heap after GC invocations=1878 (full 18):
 garbage-first heap   total 486400K, used 198829K [0x0000000700000000, 0x0000000700100ed8, 0x00000007c0000000)
  region size 1024K, 2 young (2048K), 2 survivors (2048K)
 Metaspace       used 110345K, capacity 113461K, committed 120784K, reserved 1153024K
  class space    used 15798K, capacity 16392K, committed 17916K, reserved 1048576K
}
Event: 7958.152 GC heap before
{Heap before GC invocations=1878 (full 18):
 garbage-first heap   total 486400K, used 258221K [0x0000000700000000, 0x0000000700100ed8, 0x00000007c0000000)
  region size 1024K, 60 young (61440K), 2 survivors (2048K)
 Metaspace       used 110348K, capacity 113525K, committed 120784K, reserved 1153024K
  class space    used 15799K, capacity 16392K, committed 17916K, reserved 1048576K
}
Event: 7958.156 GC heap after
{Heap after GC invocations=1879 (full 18):
 garbage-first heap   total 486400K, used 199786K [0x0000000700000000, 0x0000000700100ed8, 0x00000007c0000000)
  region size 1024K, 2 young (2048K), 2 survivors (2048K)
 Metaspace       used 110348K, capacity 113525K, committed 120784K, reserved 1153024K
  class space    used 15799K, capacity 16392K, committed 17916K, reserved 1048576K
}
Event: 7958.331 GC heap before
{Heap before GC invocations=1879 (full 18):
 garbage-first heap   total 486400K, used 259178K [0x0000000700000000, 0x0000000700100ed8, 0x00000007c0000000)
  region size 1024K, 60 young (61440K), 2 survivors (2048K)
 Metaspace       used 110350K, capacity 113525K, committed 120784K, reserved 1153024K
  class space    used 15799K, capacity 16392K, committed 17916K, reserved 1048576K
}
Event: 7958.340 GC heap after
{Heap after GC invocations=1880 (full 18):
 garbage-first heap   total 486400K, used 206265K [0x0000000700000000, 0x0000000700100ed8, 0x00000007c0000000)
  region size 1024K, 8 young (8192K), 8 survivors (8192K)
 Metaspace       used 110350K, capacity 113525K, committed 120784K, reserved 1153024K
  class space    used 15799K, capacity 16392K, committed 17916K, reserved 1048576K
}

